make all --print-data-base --no-builtin-variables --no-builtin-rules --question
# GNU Make 3.81
# Copyright (C) 2006  Free Software Foundation, Inc.
# This is free software; see the source for copying conditions.
# There is NO warranty; not even for MERCHANTABILITY or FITNESS FOR A
# PARTICULAR PURPOSE.

# This program built for i386-apple-darwin11.3.0
 
make: *** No rule to make target `all'.  Stop.


# Make data base, printed on Wed Aug 31 18:53:30 2022

# Variables

# automatic
<D = $(patsubst %/,%,$(dir $<))
# automatic
?F = $(notdir $?)
# environment
ELECTRON_NO_ATTACH_CONSOLE = 1
 
# environment
LC_CTYPE = UTF-8
# automatic
?D = $(patsubst %/,%,$(dir $?))
# automatic
@D = $(patsubst %/,%,$(dir $@))
# automatic
@F = $(notdir $@)
# makefile
CURDIR := /Users/umar.ramadhana/umar/personal_projects/go/animapu-api
# makefile
SHELL = /bin/sh
# environment
VSCODE_NLS_CONFIG = {"locale":"en-us","availableLanguages":{},"_languagePackSupport":true}
# environment
_ = /usr/bin/make
# makefile (from `Makefile', line 1)
MAKEFILE_LIST :=  Makefile
# environment
VSCODE_AMD_ENTRYPOINT = vs/workbench/api/node/extensionHostProcess
# environment
__CFBundleIdentifier = com.microsoft.VSCode
# environment
VSCODE_CWD = /Users/umar.ramadhana/umar/personal_projects/go/animapu-api
# environment
GOPROXY = https://proxy.golang.org,direct
# environment
PATH = /Users/umar.ramadhana/Downloads/google-cloud-sdk/bin:/Users/umar.ramadhana/.pyenv/shims:/Users/umar.ramadhana/.rbenv/shims:/Users/umar.ramadhana/.pyenv/bin:/Users/umar.ramadhana/go/bin:/Users/umar.ramadhana/Library/Python/3.8/bin:/Users/umar.ramadhana/usr/local/go/bin/go:/usr/local/bin:/usr/bin:/bin:/usr/sbin:/sbin:/usr/local/go/bin
# environment
LSCOLORS = Gxfxcxdxbxegedabagacad
# environment
GOPATH = /Users/umar.ramadhana/go
# environment
ELECTRON_RUN_AS_NODE = 1
# environment
PYENV_ROOT = /Users/umar.ramadhana/.pyenv
# default
.FEATURES := target-specific order-only second-expansion else-if archives jobserver check-symlink
# environment
SSH_AUTH_SOCK = /private/tmp/com.apple.launchd.p4ENmtIEKB/Listeners
# automatic
%F = $(notdir $%)
# environment
PWD = /Users/umar.ramadhana/umar/personal_projects/go/animapu-api
# environment
JAVA_OPTS = --add-opens java.xml/com.sun.xml.internal.stream.writers=org.jruby.dist
# environment
ORIGINAL_XDG_CURRENT_DESKTOP = undefined
# environment
GOMODCACHE = /Users/umar.ramadhana/go/pkg/mod
# environment
PYENV_SHELL = zsh
# environment
HOME = /Users/umar.ramadhana
# default
MAKEFILEPATH = $(shell /usr/bin/xcode-select -print-path 2>/dev/null || echo /Developer)/Makefiles
# environment
VSCODE_CLI = 1
# environment
VSCODE_CODE_CACHE_PATH = /Users/umar.ramadhana/Library/Application Support/Code/CachedData/6d9b74a70ca9c7733b29f0456fd8195364076dda
# environment
LOGNAME = umar.ramadhana
# environment
APPLICATION_INSIGHTS_NO_DIAGNOSTIC_CHANNEL = 1
# environment
ZSH = /Users/umar.ramadhana/.oh-my-zsh
# environment
VSCODE_HANDLES_UNCAUGHT_ERRORS = true
# automatic
^D = $(patsubst %/,%,$(dir $^))
# environment
XPC_FLAGS = 0x0
# environment
COLORTERM = truecolor
# default
MAKE = $(MAKE_COMMAND)
# environment
LC_TERMINAL = iTerm2
# environment
SHLVL = 3
# default
MAKE_VERSION := 3.81
# environment
USER = umar.ramadhana
# makefile
.DEFAULT_GOAL := run
# default
MAKECMDGOALS := all
# environment
TERM_SESSION_ID = w0t10p0:802C0426-C3BF-4EEC-9DE1-7C3D8E823AC4
# environment
LESS = -R
# automatic
%D = $(patsubst %/,%,$(dir $%))
# default
MAKE_COMMAND := /Library/Developer/CommandLineTools/usr/bin/make
# environment
TERM_PROGRAM = iTerm.app
# default
.VARIABLES := 
# environment
TMPDIR = /var/folders/ks/wb5pp8w95rz99jc1g1m6g1_80000gn/T/
# automatic
*F = $(notdir $*)
# environment
VSCODE_IPC_HOOK = /Users/umar.ramadhana/Library/Application Support/Code/1.70.1-main.sock
# environment
MallocNanoZone = 0
# makefile
MAKEFLAGS = Rrqp
# environment
MFLAGS = -Rrqp
# automatic
*D = $(patsubst %/,%,$(dir $*))
# environment
TERM_PROGRAM_VERSION = 3.4.16
# environment
XPC_SERVICE_NAME = application.com.microsoft.VSCode.17936077.17936083.DDE24AE3-1085-438B-B581-92C5DBC37BC3
# environment
LC_TERMINAL_VERSION = 3.4.16
# automatic
+D = $(patsubst %/,%,$(dir $+))
# automatic
+F = $(notdir $+)
# environment
ITERM_SESSION_ID = w0t10p0:802C0426-C3BF-4EEC-9DE1-7C3D8E823AC4
# environment
COLORFGBG = 7;0
# environment
__CF_USER_TEXT_ENCODING = 0x1F5:0x0:0x0
# environment
COMMAND_MODE = unix2003
# default
MAKEFILES := 
# environment
RBENV_SHELL = zsh
# automatic
 
<F = $(notdir $<)
# environment
ITERM_PROFILE = Default
# environment
GOPRIVATE = source.golabs.io
# environment
PAGER = less
# environment
LC_ALL = C
# automatic
^F = $(notdir $^)
# default
SUFFIXES := 
# default
.INCLUDE_DIRS = /usr/local/include
# environment
MAKELEVEL := 0
# environment
LANG = C
# environment
TERM = xterm-256color
# environment
VSCODE_PID = 48472
# variable set hash-table stats:
# Load=83/1024=8%, Rehash=0, Collisions=6/107=6%

# Pattern-specific Variable Values

# No pattern-specific variable values.

# Directories

# . (device 16777220, inode 1865003): 15 files, no impossibilities.

# 15 files, no impossibilities in 1 directories.

# Implicit Rules

# No implicit rules.

# Files

deploy_aws:
#  Implicit rule search has not been done.
#  Modification time never checked.
#  File has not been updated.
#  commands to execute (from `Makefile', line 14):
	GOOS=linux GOARCH=amd64 go build cmd/web/main.go
	scp -i "~/.ssh/default.pem" .env ubuntu@ec2-13-214-123-225.ap-southeast-1.compute.amazonaws.com:/home/ubuntu/app
	ssh -i "~/.ssh/default.pem" ubuntu@ec2-13-214-123-225.ap-southeast-1.compute.amazonaws.com "sudo systemctl stop animapu-api"
	scp -i "~/.ssh/default.pem" main ubuntu@ec2-13-214-123-225.ap-southeast-1.compute.amazonaws.com:/home/ubuntu/app
	ssh -i "~/.ssh/default.pem" ubuntu@ec2-13-214-123-225.ap-southeast-1.compute.amazonaws.com "sudo systemctl start animapu-api"
	

# Not a target:
all:
#  Command-line target.
#  Implicit rule search has been done.
#  File does not exist.
#  File has not been updated.
# variable set hash-table stats:
# Load=0/32=0%, Rehash=0, Collisions=0/0=0%

run_build_ubuntu:
#  Implicit rule search has not been done.
#  Modification time never checked.
#  File has not been updated.
#  commands to execute (from `Makefile', line 8):
	./main
	

build_ubuntu:
#  Implicit rule search has not been done.
#  Modification time never checked.
#  File has not been updated.
#  commands to execute (from `Makefile', line 5):
	GOOS=linux GOARCH=amd64 go build cmd/web/main.go
	

# Not a target:
.SUFFIXES:
#  Implicit rule search has not been done.
#  Modification time never checked.
#  File has not been updated.

# Not a target:
Makefile:
#  Implicit rule search has been done.
#  Last modified 2022-08-27 17:36:47
#  File has been updated.
#  Successfully updated.
# variable set hash-table stats:
# Load=0/32=0%, Rehash=0, Collisions=0/0=0%

# Not a target:
.DEFAULT:
#  Implicit rule search has not been done.
#  Modification time never checked.
#  File has not been updated.

run:
#  Implicit rule search has not been done.
#  Modification time never checked.
#  File has not been updated.
#  commands to execute (from `Makefile', line 2):
	go run cmd/web/main.go
	

connect:
#  Implicit rule search has not been done.
#  Modification time never checked.
#  File has not been updated.
#  commands to execute (from `Makefile', line 11):
	ssh -i "~/.ssh/default.pem" ubuntu@ec2-13-214-123-225.ap-southeast-1.compute.amazonaws.com
	

# files hash-table stats:
# Load=9/1024=1%, Rehash=0, Collisions=0/21=0%
# VPATH Search Paths

# No `vpath' search paths.

# No general (`VPATH' variable) search path.

# # of strings in strcache: 1
# # of strcache buffers: 1
# strcache size: total = 4096 / max = 4096 / min = 4096 / avg = 4096
# strcache free: total = 4087 / max = 4087 / min = 4087 / avg = 4087

# Finished Make data base on Wed Aug 31 18:53:30 2022

 
